<?xml version="1.0" encoding="UTF-8"?>
<!-- Generated by org.testng.reporters.JUnitReportReporter -->
<testsuite hostname="DESKTOP-IIVT408" failures="0" tests="3" name="sampletest.HomePageaTest" time="23.436" errors="0" timestamp="2024-11-14T12:39:37 IST" skipped="0">
  <testcase classname="sampletest.HomePageaTest" name="Varifylogo" time="2.314"/>
  <testcase classname="sampletest.HomePageaTest" name="login" time="19.099"/>
  <testcase classname="sampletest.HomePageaTest" name="Varifytitle" time="2.023"/>
</testsuite> <!-- sampletest.HomePageaTest -->
