<?xml version="1.0" encoding="UTF-8"?>
<!-- Generated by org.testng.reporters.JUnitReportReporter -->
<testsuite hostname="DESKTOP-IIVT408" failures="0" tests="2" name="sampletest.Basic" time="27.373" errors="0" timestamp="2024-10-28T23:21:02 IST" skipped="0">
  <testcase classname="sampletest.Basic" name="setup" time="10.313"/>
  <testcase classname="sampletest.Basic" name="login" time="17.060"/>
</testsuite> <!-- sampletest.Basic -->
