<?xml version="1.0" encoding="UTF-8"?>
<!-- Generated by org.testng.reporters.JUnitReportReporter -->
<testsuite hostname="DESKTOP-IIVT408" failures="0" tests="3" name="sampletest.HomePageaTest" time="20.463" errors="0" timestamp="2024-11-16T12:30:18 IST" skipped="0">
  <testcase classname="sampletest.HomePageaTest" name="login" time="14.913"/>
  <testcase classname="sampletest.HomePageaTest" name="Varifylogo" time="3.371"/>
  <testcase classname="sampletest.HomePageaTest" name="Varifytitle" time="2.179"/>
</testsuite> <!-- sampletest.HomePageaTest -->
